<?xml version="1.0" encoding="UTF-8"?>
<testsuite name="com.mindex.challenge.ChallengeApplicationTests" tests="1" skipped="0" failures="0" errors="0" timestamp="2022-10-22T15:06:02" hostname="jasmine-macbook-pro.local" time="0.004">
  <properties/>
  <testcase name="contextLoads" classname="com.mindex.challenge.ChallengeApplicationTests" time="0.004"/>
  <system-out><![CDATA[2022-10-22 11:06:02.538  INFO 38575 --- [    Test worker] .b.t.c.SpringBootTestContextBootstrapper : Neither @ContextConfiguration nor @ContextHierarchy found for test class [com.mindex.challenge.ChallengeApplicationTests], using SpringBootContextLoader
2022-10-22 11:06:02.542  INFO 38575 --- [    Test worker] o.s.t.c.support.AbstractContextLoader    : Could not detect default resource locations for test class [com.mindex.challenge.ChallengeApplicationTests]: no resource found for suffixes {-context.xml, Context.groovy}.
2022-10-22 11:06:02.543  INFO 38575 --- [    Test worker] t.c.s.AnnotationConfigContextLoaderUtils : Could not detect default configuration classes for test class [com.mindex.challenge.ChallengeApplicationTests]: ChallengeApplicationTests does not declare any static, non-private, non-final, nested classes annotated with @Configuration.
2022-10-22 11:06:02.548  INFO 38575 --- [    Test worker] .b.t.c.SpringBootTestContextBootstrapper : Found @SpringBootConfiguration com.mindex.challenge.ChallengeApplication for test class com.mindex.challenge.ChallengeApplicationTests
2022-10-22 11:06:02.556  INFO 38575 --- [    Test worker] .b.t.c.SpringBootTestContextBootstrapper : Loaded default TestExecutionListener class names from location [META-INF/spring.factories]: [org.springframework.boot.test.autoconfigure.restdocs.RestDocsTestExecutionListener, org.springframework.boot.test.autoconfigure.web.client.MockRestServiceServerResetTestExecutionListener, org.springframework.boot.test.autoconfigure.web.servlet.MockMvcPrintOnlyOnFailureTestExecutionListener, org.springframework.boot.test.autoconfigure.web.servlet.WebDriverTestExecutionListener, org.springframework.boot.test.mock.mockito.MockitoTestExecutionListener, org.springframework.boot.test.mock.mockito.ResetMocksTestExecutionListener, org.springframework.test.context.web.ServletTestExecutionListener, org.springframework.test.context.support.DirtiesContextBeforeModesTestExecutionListener, org.springframework.test.context.support.DependencyInjectionTestExecutionListener, org.springframework.test.context.support.DirtiesContextTestExecutionListener, org.springframework.test.context.transaction.TransactionalTestExecutionListener, org.springframework.test.context.jdbc.SqlScriptsTestExecutionListener, org.springframework.test.context.event.EventPublishingTestExecutionListener]
2022-10-22 11:06:02.558  INFO 38575 --- [    Test worker] .b.t.c.SpringBootTestContextBootstrapper : Using TestExecutionListeners: [org.springframework.test.context.web.ServletTestExecutionListener@34587ba5, org.springframework.test.context.support.DirtiesContextBeforeModesTestExecutionListener@f8a36cf, org.springframework.boot.test.mock.mockito.MockitoTestExecutionListener@3144c34b, org.springframework.boot.test.autoconfigure.SpringBootDependencyInjectionTestExecutionListener@22a62752, org.springframework.test.context.support.DirtiesContextTestExecutionListener@55d4f5f0, org.springframework.test.context.transaction.TransactionalTestExecutionListener@b369dcb, org.springframework.test.context.jdbc.SqlScriptsTestExecutionListener@1cff597d, org.springframework.test.context.event.EventPublishingTestExecutionListener@f706107, org.springframework.boot.test.autoconfigure.restdocs.RestDocsTestExecutionListener@7d797e6c, org.springframework.boot.test.autoconfigure.web.client.MockRestServiceServerResetTestExecutionListener@421e7ccd, org.springframework.boot.test.autoconfigure.web.servlet.MockMvcPrintOnlyOnFailureTestExecutionListener@244cf142, org.springframework.boot.test.autoconfigure.web.servlet.WebDriverTestExecutionListener@2838d495, org.springframework.boot.test.mock.mockito.ResetMocksTestExecutionListener@1e8445e0]
]]></system-out>
  <system-err><![CDATA[]]></system-err>
</testsuite>
