<?xml version="1.0" encoding="UTF-8"?>
<testsuite name="com.mindex.challenge.ChallengeApplicationTests" tests="1" skipped="0" failures="0" errors="0" timestamp="2022-10-24T00:43:43" hostname="jasmine-macbook-pro.local" time="0.009">
  <properties/>
  <testcase name="contextLoads" classname="com.mindex.challenge.ChallengeApplicationTests" time="0.009"/>
  <system-out><![CDATA[2022-10-23 20:43:43.475  INFO 53760 --- [    Test worker] .b.t.c.SpringBootTestContextBootstrapper : Neither @ContextConfiguration nor @ContextHierarchy found for test class [com.mindex.challenge.ChallengeApplicationTests], using SpringBootContextLoader
2022-10-23 20:43:43.480  INFO 53760 --- [    Test worker] o.s.t.c.support.AbstractContextLoader    : Could not detect default resource locations for test class [com.mindex.challenge.ChallengeApplicationTests]: no resource found for suffixes {-context.xml, Context.groovy}.
2022-10-23 20:43:43.483  INFO 53760 --- [    Test worker] t.c.s.AnnotationConfigContextLoaderUtils : Could not detect default configuration classes for test class [com.mindex.challenge.ChallengeApplicationTests]: ChallengeApplicationTests does not declare any static, non-private, non-final, nested classes annotated with @Configuration.
2022-10-23 20:43:43.488  INFO 53760 --- [    Test worker] .b.t.c.SpringBootTestContextBootstrapper : Found @SpringBootConfiguration com.mindex.challenge.ChallengeApplication for test class com.mindex.challenge.ChallengeApplicationTests
2022-10-23 20:43:43.490  INFO 53760 --- [    Test worker] .b.t.c.SpringBootTestContextBootstrapper : Loaded default TestExecutionListener class names from location [META-INF/spring.factories]: [org.springframework.boot.test.autoconfigure.restdocs.RestDocsTestExecutionListener, org.springframework.boot.test.autoconfigure.web.client.MockRestServiceServerResetTestExecutionListener, org.springframework.boot.test.autoconfigure.web.servlet.MockMvcPrintOnlyOnFailureTestExecutionListener, org.springframework.boot.test.autoconfigure.web.servlet.WebDriverTestExecutionListener, org.springframework.boot.test.mock.mockito.MockitoTestExecutionListener, org.springframework.boot.test.mock.mockito.ResetMocksTestExecutionListener, org.springframework.test.context.web.ServletTestExecutionListener, org.springframework.test.context.support.DirtiesContextBeforeModesTestExecutionListener, org.springframework.test.context.support.DependencyInjectionTestExecutionListener, org.springframework.test.context.support.DirtiesContextTestExecutionListener, org.springframework.test.context.transaction.TransactionalTestExecutionListener, org.springframework.test.context.jdbc.SqlScriptsTestExecutionListener, org.springframework.test.context.event.EventPublishingTestExecutionListener]
2022-10-23 20:43:43.491  INFO 53760 --- [    Test worker] .b.t.c.SpringBootTestContextBootstrapper : Using TestExecutionListeners: [org.springframework.test.context.web.ServletTestExecutionListener@53832651, org.springframework.test.context.support.DirtiesContextBeforeModesTestExecutionListener@7a942762, org.springframework.boot.test.mock.mockito.MockitoTestExecutionListener@367cde84, org.springframework.boot.test.autoconfigure.SpringBootDependencyInjectionTestExecutionListener@27ec6706, org.springframework.test.context.support.DirtiesContextTestExecutionListener@6d177c04, org.springframework.test.context.transaction.TransactionalTestExecutionListener@3663e9f3, org.springframework.test.context.jdbc.SqlScriptsTestExecutionListener@663b8945, org.springframework.test.context.event.EventPublishingTestExecutionListener@22ab06d3, org.springframework.boot.test.autoconfigure.restdocs.RestDocsTestExecutionListener@748aa9de, org.springframework.boot.test.autoconfigure.web.client.MockRestServiceServerResetTestExecutionListener@5d0feacd, org.springframework.boot.test.autoconfigure.web.servlet.MockMvcPrintOnlyOnFailureTestExecutionListener@67c43188, org.springframework.boot.test.autoconfigure.web.servlet.WebDriverTestExecutionListener@1d232e3d, org.springframework.boot.test.mock.mockito.ResetMocksTestExecutionListener@3c46a01e]
]]></system-out>
  <system-err><![CDATA[]]></system-err>
</testsuite>
