<?xml version="1.0" encoding="UTF-8"?>
<testsuite name="com.mindex.challenge.DataBootstrapTest" tests="1" skipped="0" failures="0" errors="0" timestamp="2022-10-22T15:06:02" hostname="jasmine-macbook-pro.local" time="0.02">
  <properties/>
  <testcase name="test" classname="com.mindex.challenge.DataBootstrapTest" time="0.02"/>
  <system-out><![CDATA[2022-10-22 11:06:00.554  INFO 38575 --- [    Test worker] .b.t.c.SpringBootTestContextBootstrapper : Neither @ContextConfiguration nor @ContextHierarchy found for test class [com.mindex.challenge.DataBootstrapTest], using SpringBootContextLoader
2022-10-22 11:06:00.558  INFO 38575 --- [    Test worker] o.s.t.c.support.AbstractContextLoader    : Could not detect default resource locations for test class [com.mindex.challenge.DataBootstrapTest]: no resource found for suffixes {-context.xml, Context.groovy}.
2022-10-22 11:06:00.558  INFO 38575 --- [    Test worker] t.c.s.AnnotationConfigContextLoaderUtils : Could not detect default configuration classes for test class [com.mindex.challenge.DataBootstrapTest]: DataBootstrapTest does not declare any static, non-private, non-final, nested classes annotated with @Configuration.
2022-10-22 11:06:00.585  INFO 38575 --- [    Test worker] .b.t.c.SpringBootTestContextBootstrapper : Found @SpringBootConfiguration com.mindex.challenge.ChallengeApplication for test class com.mindex.challenge.DataBootstrapTest
2022-10-22 11:06:00.592  INFO 38575 --- [    Test worker] .b.t.c.SpringBootTestContextBootstrapper : Loaded default TestExecutionListener class names from location [META-INF/spring.factories]: [org.springframework.boot.test.autoconfigure.restdocs.RestDocsTestExecutionListener, org.springframework.boot.test.autoconfigure.web.client.MockRestServiceServerResetTestExecutionListener, org.springframework.boot.test.autoconfigure.web.servlet.MockMvcPrintOnlyOnFailureTestExecutionListener, org.springframework.boot.test.autoconfigure.web.servlet.WebDriverTestExecutionListener, org.springframework.boot.test.mock.mockito.MockitoTestExecutionListener, org.springframework.boot.test.mock.mockito.ResetMocksTestExecutionListener, org.springframework.test.context.web.ServletTestExecutionListener, org.springframework.test.context.support.DirtiesContextBeforeModesTestExecutionListener, org.springframework.test.context.support.DependencyInjectionTestExecutionListener, org.springframework.test.context.support.DirtiesContextTestExecutionListener, org.springframework.test.context.transaction.TransactionalTestExecutionListener, org.springframework.test.context.jdbc.SqlScriptsTestExecutionListener, org.springframework.test.context.event.EventPublishingTestExecutionListener]
2022-10-22 11:06:00.592  INFO 38575 --- [    Test worker] .b.t.c.SpringBootTestContextBootstrapper : Using TestExecutionListeners: [org.springframework.test.context.web.ServletTestExecutionListener@1f7840c9, org.springframework.test.context.support.DirtiesContextBeforeModesTestExecutionListener@5b91e00, org.springframework.boot.test.mock.mockito.MockitoTestExecutionListener@3a0cac5e, org.springframework.boot.test.autoconfigure.SpringBootDependencyInjectionTestExecutionListener@74916ed0, org.springframework.test.context.support.DirtiesContextTestExecutionListener@29b21683, org.springframework.test.context.transaction.TransactionalTestExecutionListener@643644ab, org.springframework.test.context.jdbc.SqlScriptsTestExecutionListener@3b076a2f, org.springframework.test.context.event.EventPublishingTestExecutionListener@441f7471, org.springframework.boot.test.autoconfigure.restdocs.RestDocsTestExecutionListener@7da0747f, org.springframework.boot.test.autoconfigure.web.client.MockRestServiceServerResetTestExecutionListener@2be5647c, org.springframework.boot.test.autoconfigure.web.servlet.MockMvcPrintOnlyOnFailureTestExecutionListener@2b33353d, org.springframework.boot.test.autoconfigure.web.servlet.WebDriverTestExecutionListener@143070d6, org.springframework.boot.test.mock.mockito.ResetMocksTestExecutionListener@6acdeda3]

  .   ____          _            __ _ _
 /\\ / ___'_ __ _ _(_)_ __  __ _ \ \ \ \
( ( )\___ | '_ | '_| | '_ \/ _` | \ \ \ \
 \\/  ___)| |_)| | | | | || (_| |  ) ) ) )
  '  |____| .__|_| |_|_| |_\__, | / / / /
 =========|_|==============|___/=/_/_/_/
 :: Spring Boot ::        (v2.2.0.RELEASE)

2022-10-22 11:06:00.642  INFO 38575 --- [    Test worker] com.mindex.challenge.DataBootstrapTest   : Starting DataBootstrapTest on jasmine-macbook-pro.local with PID 38575 (started by jasmine-graber in /Users/jasmine-graber/Downloads/mindex-java-code-challenge)
2022-10-22 11:06:00.645 DEBUG 38575 --- [    Test worker] com.mindex.challenge.DataBootstrapTest   : Running with Spring Boot v2.2.0.RELEASE, Spring v5.2.0.RELEASE
2022-10-22 11:06:00.647  INFO 38575 --- [    Test worker] com.mindex.challenge.DataBootstrapTest   : No active profile set, falling back to default profiles: default
2022-10-22 11:06:01.064  INFO 38575 --- [    Test worker] .s.d.r.c.RepositoryConfigurationDelegate : Bootstrapping Spring Data repositories in DEFAULT mode.
2022-10-22 11:06:01.102  INFO 38575 --- [    Test worker] .s.d.r.c.RepositoryConfigurationDelegate : Finished Spring Data repository scanning in 35ms. Found 2 repository interfaces.
2022-10-22 11:06:01.369  INFO 38575 --- [    Test worker] de.bwaldvogel.mongo.MongoServer          : started MongoServer(port: 56034, ssl: false)
2022-10-22 11:06:01.375  INFO 38575 --- [    Test worker] org.mongodb.driver.cluster               : Cluster created with settings {hosts=[127.0.0.1:56034], mode=SINGLE, requiredClusterType=UNKNOWN, serverSelectionTimeout='30000 ms', maxWaitQueueSize=500}
2022-10-22 11:06:01.389  INFO 38575 --- [-server-worker1] d.b.mongo.wire.MongoWireProtocolHandler  : client [id: 0x196f0fac, L:/127.0.0.1:56034 - R:/127.0.0.1:56035] connected
2022-10-22 11:06:01.413  WARN 38575 --- [    Test worker] o.s.data.convert.CustomConversions       : Registering converter from class java.time.LocalDateTime to class java.time.Instant as reading converter although it doesn't convert from a store-supported type! You might wanna check you annotation setup at the converter implementation.
2022-10-22 11:06:01.414  WARN 38575 --- [    Test worker] o.s.data.convert.CustomConversions       : Registering converter from class java.time.Instant to class java.time.LocalDateTime as reading converter although it doesn't convert from a store-supported type! You might wanna check you annotation setup at the converter implementation.
2022-10-22 11:06:01.425  INFO 38575 --- [127.0.0.1:56034] org.mongodb.driver.connection            : Opened connection [connectionId{localValue:3}] to 127.0.0.1:56034
2022-10-22 11:06:01.422  WARN 38575 --- [    Test worker] o.s.data.convert.CustomConversions       : Registering converter from class java.time.LocalDateTime to class java.time.Instant as reading converter although it doesn't convert from a store-supported type! You might wanna check you annotation setup at the converter implementation.
2022-10-22 11:06:01.429  WARN 38575 --- [    Test worker] o.s.data.convert.CustomConversions       : Registering converter from class java.time.Instant to class java.time.LocalDateTime as reading converter although it doesn't convert from a store-supported type! You might wanna check you annotation setup at the converter implementation.
2022-10-22 11:06:01.436  INFO 38575 --- [127.0.0.1:56034] org.mongodb.driver.cluster               : Monitor thread successfully connected to server with description ServerDescription{address=127.0.0.1:56034, type=STANDALONE, state=CONNECTED, ok=true, version=ServerVersion{versionList=[3, 0, 0]}, minWireVersion=0, maxWireVersion=2, maxDocumentSize=16777216, logicalSessionTimeoutMinutes=null, roundTripTimeNanos=6801292}
2022-10-22 11:06:01.697  INFO 38575 --- [-server-worker2] d.b.mongo.wire.MongoWireProtocolHandler  : client [id: 0x21698c82, L:/127.0.0.1:56034 - R:/127.0.0.1:56036] connected
2022-10-22 11:06:01.717  INFO 38575 --- [    Test worker] org.mongodb.driver.connection            : Opened connection [connectionId{localValue:4}] to 127.0.0.1:56034
2022-10-22 11:06:01.718  INFO 38575 --- [-server-worker2] d.b.mongo.backend.AbstractMongoBackend   : created database test
2022-10-22 11:06:01.720  INFO 38575 --- [-server-worker2] d.b.mongo.backend.AbstractMongoDatabase  : adding unique _id index for collection employee
2022-10-22 11:06:01.720  INFO 38575 --- [-server-worker2] d.b.mongo.backend.AbstractMongoDatabase  : created collection test.employee
2022-10-22 11:06:02.073  INFO 38575 --- [    Test worker] o.s.s.concurrent.ThreadPoolTaskExecutor  : Initializing ExecutorService 'applicationTaskExecutor'
2022-10-22 11:06:02.292  WARN 38575 --- [    Test worker] o.s.data.convert.CustomConversions       : Registering converter from class java.time.LocalDateTime to class java.time.Instant as reading converter although it doesn't convert from a store-supported type! You might wanna check you annotation setup at the converter implementation.
2022-10-22 11:06:02.295  WARN 38575 --- [    Test worker] o.s.data.convert.CustomConversions       : Registering converter from class java.time.Instant to class java.time.LocalDateTime as reading converter although it doesn't convert from a store-supported type! You might wanna check you annotation setup at the converter implementation.
2022-10-22 11:06:02.314  WARN 38575 --- [    Test worker] o.s.data.convert.CustomConversions       : Registering converter from class java.time.LocalDateTime to class java.time.Instant as reading converter although it doesn't convert from a store-supported type! You might wanna check you annotation setup at the converter implementation.
2022-10-22 11:06:02.315  WARN 38575 --- [    Test worker] o.s.data.convert.CustomConversions       : Registering converter from class java.time.Instant to class java.time.LocalDateTime as reading converter although it doesn't convert from a store-supported type! You might wanna check you annotation setup at the converter implementation.
2022-10-22 11:06:02.370  INFO 38575 --- [    Test worker] com.mindex.challenge.DataBootstrapTest   : Started DataBootstrapTest in 1.768 seconds (JVM running for 9.692)
]]></system-out>
  <system-err><![CDATA[]]></system-err>
</testsuite>
