<?xml version="1.0" encoding="UTF-8"?>
<testsuite name="com.mindex.challenge.service.impl.EmployeeServiceImplTest" tests="1" skipped="0" failures="0" errors="0" timestamp="2022-10-22T15:06:02" hostname="jasmine-macbook-pro.local" time="0.096">
  <properties/>
  <testcase name="testCreateReadUpdate" classname="com.mindex.challenge.service.impl.EmployeeServiceImplTest" time="0.096"/>
  <system-out><![CDATA[2022-10-22 11:06:02.421  INFO 38575 --- [    Test worker] .b.t.c.SpringBootTestContextBootstrapper : Neither @ContextConfiguration nor @ContextHierarchy found for test class [com.mindex.challenge.service.impl.EmployeeServiceImplTest], using SpringBootContextLoader
2022-10-22 11:06:02.425  INFO 38575 --- [    Test worker] o.s.t.c.support.AbstractContextLoader    : Could not detect default resource locations for test class [com.mindex.challenge.service.impl.EmployeeServiceImplTest]: no resource found for suffixes {-context.xml, Context.groovy}.
2022-10-22 11:06:02.425  INFO 38575 --- [    Test worker] t.c.s.AnnotationConfigContextLoaderUtils : Could not detect default configuration classes for test class [com.mindex.challenge.service.impl.EmployeeServiceImplTest]: EmployeeServiceImplTest does not declare any static, non-private, non-final, nested classes annotated with @Configuration.
2022-10-22 11:06:02.427  INFO 38575 --- [    Test worker] .b.t.c.SpringBootTestContextBootstrapper : Found @SpringBootConfiguration com.mindex.challenge.ChallengeApplication for test class com.mindex.challenge.service.impl.EmployeeServiceImplTest
2022-10-22 11:06:02.431  INFO 38575 --- [    Test worker] .b.t.c.SpringBootTestContextBootstrapper : Loaded default TestExecutionListener class names from location [META-INF/spring.factories]: [org.springframework.boot.test.autoconfigure.restdocs.RestDocsTestExecutionListener, org.springframework.boot.test.autoconfigure.web.client.MockRestServiceServerResetTestExecutionListener, org.springframework.boot.test.autoconfigure.web.servlet.MockMvcPrintOnlyOnFailureTestExecutionListener, org.springframework.boot.test.autoconfigure.web.servlet.WebDriverTestExecutionListener, org.springframework.boot.test.mock.mockito.MockitoTestExecutionListener, org.springframework.boot.test.mock.mockito.ResetMocksTestExecutionListener, org.springframework.test.context.web.ServletTestExecutionListener, org.springframework.test.context.support.DirtiesContextBeforeModesTestExecutionListener, org.springframework.test.context.support.DependencyInjectionTestExecutionListener, org.springframework.test.context.support.DirtiesContextTestExecutionListener, org.springframework.test.context.transaction.TransactionalTestExecutionListener, org.springframework.test.context.jdbc.SqlScriptsTestExecutionListener, org.springframework.test.context.event.EventPublishingTestExecutionListener]
2022-10-22 11:06:02.431  INFO 38575 --- [    Test worker] .b.t.c.SpringBootTestContextBootstrapper : Using TestExecutionListeners: [org.springframework.test.context.web.ServletTestExecutionListener@7bb52424, org.springframework.test.context.support.DirtiesContextBeforeModesTestExecutionListener@73c91376, org.springframework.boot.test.mock.mockito.MockitoTestExecutionListener@7e40ce0b, org.springframework.boot.test.autoconfigure.SpringBootDependencyInjectionTestExecutionListener@77f49785, org.springframework.test.context.support.DirtiesContextTestExecutionListener@2532095b, org.springframework.test.context.transaction.TransactionalTestExecutionListener@1e5bfc28, org.springframework.test.context.jdbc.SqlScriptsTestExecutionListener@6693597e, org.springframework.test.context.event.EventPublishingTestExecutionListener@3508b296, org.springframework.boot.test.autoconfigure.restdocs.RestDocsTestExecutionListener@c51dbd, org.springframework.boot.test.autoconfigure.web.client.MockRestServiceServerResetTestExecutionListener@41be0b31, org.springframework.boot.test.autoconfigure.web.servlet.MockMvcPrintOnlyOnFailureTestExecutionListener@3d9af2d1, org.springframework.boot.test.autoconfigure.web.servlet.WebDriverTestExecutionListener@4d766bf6, org.springframework.boot.test.mock.mockito.ResetMocksTestExecutionListener@65f6bf10]
2022-10-22 11:06:02.463 DEBUG 38575 --- [o-auto-1-exec-2] c.m.c.controller.EmployeeController      : Received employee create request for [com.mindex.challenge.data.Employee@217ea196]
2022-10-22 11:06:02.464 DEBUG 38575 --- [o-auto-1-exec-2] c.m.c.service.impl.EmployeeServiceImpl   : Creating employee [com.mindex.challenge.data.Employee@217ea196]
2022-10-22 11:06:02.491 DEBUG 38575 --- [o-auto-1-exec-3] c.m.c.controller.EmployeeController      : Received employee create request for id [59683364-0d69-4433-978c-ce2d5bf83d68]
2022-10-22 11:06:02.491 DEBUG 38575 --- [o-auto-1-exec-3] c.m.c.service.impl.EmployeeServiceImpl   : Creating employee with id [59683364-0d69-4433-978c-ce2d5bf83d68]
2022-10-22 11:06:02.509 DEBUG 38575 --- [o-auto-1-exec-4] c.m.c.controller.EmployeeController      : Received employee create request for id [59683364-0d69-4433-978c-ce2d5bf83d68] and employee [com.mindex.challenge.data.Employee@3bae7c95]
2022-10-22 11:06:02.511 DEBUG 38575 --- [o-auto-1-exec-4] c.m.c.service.impl.EmployeeServiceImpl   : Updating employee [com.mindex.challenge.data.Employee@3bae7c95]
]]></system-out>
  <system-err><![CDATA[]]></system-err>
</testsuite>
