<?xml version="1.0" encoding="UTF-8"?>
<testsuite name="com.mindex.challenge.service.impl.CompensationServiceImplTest" tests="1" skipped="0" failures="0" errors="0" timestamp="2022-10-24T00:43:43" hostname="jasmine-macbook-pro.local" time="0.202">
  <properties/>
  <testcase name="testCreateReadUpdate" classname="com.mindex.challenge.service.impl.CompensationServiceImplTest" time="0.202"/>
  <system-out><![CDATA[2022-10-23 20:43:43.081  INFO 53760 --- [    Test worker] .b.t.c.SpringBootTestContextBootstrapper : Neither @ContextConfiguration nor @ContextHierarchy found for test class [com.mindex.challenge.service.impl.CompensationServiceImplTest], using SpringBootContextLoader
2022-10-23 20:43:43.089  INFO 53760 --- [    Test worker] o.s.t.c.support.AbstractContextLoader    : Could not detect default resource locations for test class [com.mindex.challenge.service.impl.CompensationServiceImplTest]: no resource found for suffixes {-context.xml, Context.groovy}.
2022-10-23 20:43:43.090  INFO 53760 --- [    Test worker] t.c.s.AnnotationConfigContextLoaderUtils : Could not detect default configuration classes for test class [com.mindex.challenge.service.impl.CompensationServiceImplTest]: CompensationServiceImplTest does not declare any static, non-private, non-final, nested classes annotated with @Configuration.
2022-10-23 20:43:43.110  INFO 53760 --- [    Test worker] .b.t.c.SpringBootTestContextBootstrapper : Found @SpringBootConfiguration com.mindex.challenge.ChallengeApplication for test class com.mindex.challenge.service.impl.CompensationServiceImplTest
2022-10-23 20:43:43.119  INFO 53760 --- [    Test worker] .b.t.c.SpringBootTestContextBootstrapper : Loaded default TestExecutionListener class names from location [META-INF/spring.factories]: [org.springframework.boot.test.autoconfigure.restdocs.RestDocsTestExecutionListener, org.springframework.boot.test.autoconfigure.web.client.MockRestServiceServerResetTestExecutionListener, org.springframework.boot.test.autoconfigure.web.servlet.MockMvcPrintOnlyOnFailureTestExecutionListener, org.springframework.boot.test.autoconfigure.web.servlet.WebDriverTestExecutionListener, org.springframework.boot.test.mock.mockito.MockitoTestExecutionListener, org.springframework.boot.test.mock.mockito.ResetMocksTestExecutionListener, org.springframework.test.context.web.ServletTestExecutionListener, org.springframework.test.context.support.DirtiesContextBeforeModesTestExecutionListener, org.springframework.test.context.support.DependencyInjectionTestExecutionListener, org.springframework.test.context.support.DirtiesContextTestExecutionListener, org.springframework.test.context.transaction.TransactionalTestExecutionListener, org.springframework.test.context.jdbc.SqlScriptsTestExecutionListener, org.springframework.test.context.event.EventPublishingTestExecutionListener]
2022-10-23 20:43:43.120  INFO 53760 --- [    Test worker] .b.t.c.SpringBootTestContextBootstrapper : Using TestExecutionListeners: [org.springframework.test.context.web.ServletTestExecutionListener@6681e23a, org.springframework.test.context.support.DirtiesContextBeforeModesTestExecutionListener@155b6245, org.springframework.boot.test.mock.mockito.MockitoTestExecutionListener@4d8405f7, org.springframework.boot.test.autoconfigure.SpringBootDependencyInjectionTestExecutionListener@79197ec, org.springframework.test.context.support.DirtiesContextTestExecutionListener@6ee82516, org.springframework.test.context.transaction.TransactionalTestExecutionListener@20ef2bc4, org.springframework.test.context.jdbc.SqlScriptsTestExecutionListener@4da93993, org.springframework.test.context.event.EventPublishingTestExecutionListener@468cf93d, org.springframework.boot.test.autoconfigure.restdocs.RestDocsTestExecutionListener@6963b46f, org.springframework.boot.test.autoconfigure.web.client.MockRestServiceServerResetTestExecutionListener@308b138c, org.springframework.boot.test.autoconfigure.web.servlet.MockMvcPrintOnlyOnFailureTestExecutionListener@346ac1af, org.springframework.boot.test.autoconfigure.web.servlet.WebDriverTestExecutionListener@158e930e, org.springframework.boot.test.mock.mockito.ResetMocksTestExecutionListener@61ba8d1c]
2022-10-23 20:43:43.252 DEBUG 53760 --- [o-auto-1-exec-2] c.m.c.controller.EmployeeController      : Received compensation create request for [com.mindex.challenge.data.Compensation@615955c5]
2022-10-23 20:43:43.254 DEBUG 53760 --- [o-auto-1-exec-2] c.m.c.s.impl.CompensationServiceImpl     : Creating compensation [com.mindex.challenge.data.Compensation@615955c5]
2022-10-23 20:43:43.292  INFO 53760 --- [-server-worker2] d.b.mongo.backend.AbstractMongoDatabase  : adding unique _id index for collection compensation
2022-10-23 20:43:43.294  INFO 53760 --- [-server-worker2] d.b.mongo.backend.AbstractMongoDatabase  : created collection test.compensation
2022-10-23 20:43:43.321 DEBUG 53760 --- [o-auto-1-exec-3] c.m.c.controller.EmployeeController      : Received compensation read request for employee id [b7839309-3348-463b-a7e3-5de1c168beb3]
2022-10-23 20:43:43.323 DEBUG 53760 --- [o-auto-1-exec-3] c.m.c.s.impl.CompensationServiceImpl     : Reading compensation for employee id: [b7839309-3348-463b-a7e3-5de1c168beb3]
2022-10-23 20:43:43.323 DEBUG 53760 --- [o-auto-1-exec-3] c.m.c.service.impl.EmployeeServiceImpl   : Reading employee with id [b7839309-3348-463b-a7e3-5de1c168beb3]
]]></system-out>
  <system-err><![CDATA[]]></system-err>
</testsuite>
